$completionDateTime
[1] "2018-06-07 21:42:52 PDT"

$executionTime
Time difference of 7.781651 mins

$sessionInfo
R version 3.4.4 (2018-03-15)
Platform: x86_64-redhat-linux-gnu (64-bit)
Running under: CentOS Linux 7 (Core)

Matrix products: default
BLAS/LAPACK: /usr/lib64/R/lib/libRblas.so

locale:
 [1] LC_CTYPE=en_US.ISO8859-1    LC_NUMERIC=C               
 [3] LC_TIME=en_US.ISO8859-1     LC_COLLATE=en_US.ISO8859-1 
 [5] LC_MONETARY=en_US.ISO8859-1 LC_MESSAGES=C              
 [7] LC_PAPER=en_US.UTF-8        LC_NAME=C                  
 [9] LC_ADDRESS=C                LC_TELEPHONE=C             
[11] LC_MEASUREMENT=en_US.UTF-8  LC_IDENTIFICATION=C        

attached base packages:
[1] parallel  stats     graphics  grDevices utils     datasets  base     

other attached packages:
 [1] gdtools_0.1.7             randomForestExplainer_0.9
 [3] randomForest_4.6-14       bindrcpp_0.2.2           
 [5] RANN_2.5.1                doParallel_1.0.11        
 [7] iterators_1.0.9           foreach_1.4.4            
 [9] caret_6.0-79              lattice_0.20-35          
[11] svglite_1.2.1             haven_1.1.1              
[13] forcats_0.3.0             stringr_1.3.0            
[15] dplyr_0.7.4               purrr_0.2.4              
[17] readr_1.1.1               tidyr_0.8.0              
[19] tibble_1.4.2              ggplot2_2.2.1            
[21] tidyverse_1.2.1           magrittr_1.5             
[23] rmarkdown_1.9             knitr_1.20               
[25] checkpoint_0.4.2         

loaded via a namespace (and not attached):
 [1] nlme_3.1-131.1      lubridate_1.7.3     RColorBrewer_1.1-2 
 [4] dimRed_0.1.0        httr_1.3.1          rprojroot_1.3-2    
 [7] tools_3.4.4         backports_1.1.2     R6_2.2.2           
[10] DT_0.4              rpart_4.1-13        lazyeval_0.2.1     
[13] colorspace_1.3-2    nnet_7.3-12         withr_2.1.2        
[16] GGally_1.3.2        tidyselect_0.2.4    mnormt_1.5-5       
[19] compiler_3.4.4      cli_1.0.0           rvest_0.3.2        
[22] xml2_1.2.0          labeling_0.3        scales_0.5.0       
[25] sfsmisc_1.1-2       DEoptimR_1.0-8      psych_1.8.3.3      
[28] robustbase_0.92-8   digest_0.6.15       foreign_0.8-69     
[31] pkgconfig_2.0.1     htmltools_0.3.6     highr_0.6          
[34] htmlwidgets_1.0     rlang_0.2.0         readxl_1.0.0       
[37] ddalpha_1.3.1.1     rstudioapi_0.7      bindr_0.1.1        
[40] jsonlite_1.5        ModelMetrics_1.1.0  Matrix_1.2-12      
[43] Rcpp_0.12.16        munsell_0.4.3       stringi_1.1.7      
[46] MASS_7.3-49         plyr_1.8.4          recipes_0.1.2      
[49] grid_3.4.4          ggrepel_0.7.0       crayon_1.3.4       
[52] methods_3.4.4       splines_3.4.4       hms_0.4.2          
[55] pillar_1.2.1        reshape2_1.4.3      codetools_0.2-15   
[58] stats4_3.4.4        CVST_0.2-1          glue_1.2.0         
[61] evaluate_0.10.1     data.table_1.10.4-3 modelr_0.1.1       
[64] cellranger_1.1.0    gtable_0.2.0        reshape_0.8.7      
[67] kernlab_0.9-25      assertthat_0.2.0    DRR_0.0.3          
[70] gower_0.1.2         prodlim_1.6.1       broom_0.4.4        
[73] class_7.3-14        survival_2.41-3     timeDate_3043.102  
[76] RcppRoll_0.2.2      lava_1.6.1          ipred_0.9-6        

